Release 14.7 - xst P.20131013 (nt64)
Copyright (c) 1995-2013 Xilinx, Inc.  All rights reserved.
--> Parameter TMPDIR set to xst/projnav.tmp


Total REAL time to Xst completion: 1.00 secs
Total CPU time to Xst completion: 0.66 secs
 
--> Parameter xsthdpdir set to xst


Total REAL time to Xst completion: 1.00 secs
Total CPU time to Xst completion: 0.66 secs
 
--> Reading design: sistema.prj

TABLE OF CONTENTS
  1) Synthesis Options Summary
  2) HDL Compilation
  3) Design Hierarchy Analysis
  4) HDL Analysis
  5) HDL Synthesis
     5.1) HDL Synthesis Report
  6) Advanced HDL Synthesis
     6.1) Advanced HDL Synthesis Report
  7) Low Level Synthesis
  8) Partition Report
  9) Final Report
	9.1) Device utilization summary
	9.2) Partition Resource Summary
	9.3) TIMING REPORT


=========================================================================
*                      Synthesis Options Summary                        *
=========================================================================
---- Source Parameters
Input File Name                    : "sistema.prj"
Input Format                       : mixed
Ignore Synthesis Constraint File   : NO

---- Target Parameters
Output File Name                   : "sistema"
Output Format                      : NGC
Target Device                      : xc3s200-5-ft256

---- Source Options
Top Module Name                    : sistema
Automatic FSM Extraction           : YES
FSM Encoding Algorithm             : Auto
Safe Implementation                : No
FSM Style                          : LUT
RAM Extraction                     : Yes
RAM Style                          : Auto
ROM Extraction                     : Yes
Mux Style                          : Auto
Decoder Extraction                 : YES
Priority Encoder Extraction        : Yes
Shift Register Extraction          : YES
Logical Shifter Extraction         : YES
XOR Collapsing                     : YES
ROM Style                          : Auto
Mux Extraction                     : Yes
Resource Sharing                   : YES
Asynchronous To Synchronous        : NO
Multiplier Style                   : Auto
Automatic Register Balancing       : No

---- Target Options
Add IO Buffers                     : YES
Global Maximum Fanout              : 500
Add Generic Clock Buffer(BUFG)     : 8
Register Duplication               : YES
Slice Packing                      : YES
Optimize Instantiated Primitives   : NO
Use Clock Enable                   : Yes
Use Synchronous Set                : Yes
Use Synchronous Reset              : Yes
Pack IO Registers into IOBs        : Auto
Equivalent register Removal        : YES

---- General Options
Optimization Goal                  : Speed
Optimization Effort                : 1
Keep Hierarchy                     : No
Netlist Hierarchy                  : As_Optimized
RTL Output                         : Yes
Global Optimization                : AllClockNets
Read Cores                         : YES
Write Timing Constraints           : NO
Cross Clock Analysis               : NO
Hierarchy Separator                : /
Bus Delimiter                      : <>
Case Specifier                     : Maintain
Slice Utilization Ratio            : 100
BRAM Utilization Ratio             : 100
Verilog 2001                       : YES
Auto BRAM Packing                  : NO
Slice Utilization Ratio Delta      : 5

=========================================================================


=========================================================================
*                          HDL Compilation                              *
=========================================================================
Compiling vhdl file "C:/Users/Rafa/Desktop/p4/Practica 3/p3/decodificador.vhd" in Library work.
Entity <decodificador> compiled.
Entity <decodificador> (Architecture <Behavioral>) compiled.
Compiling vhdl file "C:/Users/Rafa/Desktop/p4/contador2.vhd" in Library work.
Entity <contador2> compiled.
Entity <contador2> (Architecture <Behavioral>) compiled.
Compiling vhdl file "C:/Users/Rafa/Desktop/p4/sistema.vhd" in Library work.
Entity <sistema> compiled.
Entity <sistema> (Architecture <Behavioral>) compiled.

=========================================================================
*                     Design Hierarchy Analysis                         *
=========================================================================
Analyzing hierarchy for entity <sistema> in library <work> (architecture <Behavioral>).

Analyzing hierarchy for entity <decodificador> in library <work> (architecture <Behavioral>).

Analyzing hierarchy for entity <contador2> in library <work> (architecture <Behavioral>).


=========================================================================
*                            HDL Analysis                               *
=========================================================================
Analyzing Entity <sistema> in library <work> (Architecture <Behavioral>).
Entity <sistema> analyzed. Unit <sistema> generated.

Analyzing Entity <decodificador> in library <work> (Architecture <Behavioral>).
Entity <decodificador> analyzed. Unit <decodificador> generated.

Analyzing Entity <contador2> in library <work> (Architecture <Behavioral>).
WARNING:Xst:819 - "C:/Users/Rafa/Desktop/p4/contador2.vhd" line 43: One or more signals are missing in the process sensitivity list. To enable synthesis of FPGA/CPLD hardware, XST will assume that all necessary signals are present in the sensitivity list. Please note that the result of the synthesis may differ from the initial design specification. The missing signals are:
   <int_count>
Entity <contador2> analyzed. Unit <contador2> generated.


=========================================================================
*                           HDL Synthesis                               *
=========================================================================

Performing bidirectional port resolution...

Synthesizing Unit <decodificador>.
    Related source file is "C:/Users/Rafa/Desktop/p4/Practica 3/p3/decodificador.vhd".
    Found 16x7-bit ROM for signal <led>.
    Summary:
	inferred   1 ROM(s).
Unit <decodificador> synthesized.


Synthesizing Unit <contador2>.
    Related source file is "C:/Users/Rafa/Desktop/p4/contador2.vhd".
    Found 4-bit up counter for signal <int_count>.
    Summary:
	inferred   1 Counter(s).
Unit <contador2> synthesized.


Synthesizing Unit <sistema>.
    Related source file is "C:/Users/Rafa/Desktop/p4/sistema.vhd".
Unit <sistema> synthesized.


=========================================================================
HDL Synthesis Report

Macro Statistics
# ROMs                                                 : 1
 16x7-bit ROM                                          : 1
# Counters                                             : 1
 4-bit up counter                                      : 1

=========================================================================

=========================================================================
*                       Advanced HDL Synthesis                          *
=========================================================================


=========================================================================
Advanced HDL Synthesis Report

Macro Statistics
# ROMs                                                 : 1
 16x7-bit ROM                                          : 1
# Counters                                             : 1
 4-bit up counter                                      : 1

=========================================================================

=========================================================================
*                         Low Level Synthesis                           *
=========================================================================

Optimizing unit <sistema> ...

Mapping all equations...
Building and optimizing final netlist ...
Found area constraint ratio of 100 (+ 5) on block sistema, actual ratio is 0.

Final Macro Processing ...

=========================================================================
Final Register Report

Macro Statistics
# Registers                                            : 4
 Flip-Flops                                            : 4

=========================================================================

=========================================================================
*                           Partition Report                            *
=========================================================================

Partition Implementation Status
-------------------------------

  No Partitions were found in this design.

-------------------------------

=========================================================================
*                            Final Report                               *
=========================================================================
Final Results
RTL Top Level Output File Name     : sistema.ngr
Top Level Output File Name         : sistema
Output Format                      : NGC
Optimization Goal                  : Speed
Keep Hierarchy                     : No

Design Statistics
# IOs                              : 10

Cell Usage :
# BELS                             : 14
#      INV                         : 1
#      LUT2                        : 1
#      LUT3                        : 1
#      LUT4                        : 9
#      MUXF5                       : 1
#      VCC                         : 1
# FlipFlops/Latches                : 4
#      FDCE                        : 4
# Clock Buffers                    : 1
#      BUFGP                       : 1
# IO Buffers                       : 9
#      IBUF                        : 2
#      OBUF                        : 7
=========================================================================

Device utilization summary:
---------------------------

Selected Device : 3s200ft256-5 

 Number of Slices:                        7  out of   1920     0%  
 Number of Slice Flip Flops:              4  out of   3840     0%  
 Number of 4 input LUTs:                 12  out of   3840     0%  
 Number of IOs:                          10
 Number of bonded IOBs:                  10  out of    173     5%  
 Number of GCLKs:                         1  out of      8    12%  

---------------------------
Partition Resource Summary:
---------------------------

  No Partitions were found in this design.

---------------------------


=========================================================================
TIMING REPORT

NOTE: THESE TIMING NUMBERS ARE ONLY A SYNTHESIS ESTIMATE.
      FOR ACCURATE TIMING INFORMATION PLEASE REFER TO THE TRACE REPORT
      GENERATED AFTER PLACE-and-ROUTE.

Clock Information:
------------------
-----------------------------------+------------------------+-------+
Clock Signal                       | Clock buffer(FF name)  | Load  |
-----------------------------------+------------------------+-------+
clk                                | BUFGP                  | 4     |
-----------------------------------+------------------------+-------+

Asynchronous Control Signals Information:
----------------------------------------
-------------------------------------------------------------------+--------------------------------+-------+
Control Signal                                                     | Buffer(FF name)                | Load  |
-------------------------------------------------------------------+--------------------------------+-------+
Inst_contador/int_count_or0000(Inst_contador/int_count_or0000_f5:O)| NONE(Inst_contador/int_count_0)| 4     |
-------------------------------------------------------------------+--------------------------------+-------+

Timing Summary:
---------------
Speed Grade: -5

   Minimum period: 2.912ns (Maximum Frequency: 343.389MHz)
   Minimum input arrival time before clock: 2.018ns
   Maximum output required time after clock: 7.962ns
   Maximum combinational path delay: No path found

Timing Detail:
--------------
All values displayed in nanoseconds (ns)

=========================================================================
Timing constraint: Default period analysis for Clock 'clk'
  Clock period: 2.912ns (frequency: 343.389MHz)
  Total number of paths / destination ports: 10 / 4
-------------------------------------------------------------------------
Delay:               2.912ns (Levels of Logic = 1)
  Source:            Inst_contador/int_count_0 (FF)
  Destination:       Inst_contador/int_count_0 (FF)
  Source Clock:      clk rising
  Destination Clock: clk rising

  Data Path: Inst_contador/int_count_0 to Inst_contador/int_count_0
                                Gate     Net
    Cell:in->out      fanout   Delay   Delay  Logical Name (Net Name)
    ----------------------------------------  ------------
     FDCE:C->Q            12   0.626   0.950  Inst_contador/int_count_0 (Inst_contador/int_count_0)
     INV:I->O              1   0.479   0.681  Inst_contador/Mcount_int_count_xor<0>11_INV_0 (Result<0>)
     FDCE:D                    0.176          Inst_contador/int_count_0
    ----------------------------------------
    Total                      2.912ns (1.281ns logic, 1.631ns route)
                                       (44.0% logic, 56.0% route)

=========================================================================
Timing constraint: Default OFFSET IN BEFORE for Clock 'clk'
  Total number of paths / destination ports: 4 / 4
-------------------------------------------------------------------------
Offset:              2.018ns (Levels of Logic = 1)
  Source:            ce (PAD)
  Destination:       Inst_contador/int_count_0 (FF)
  Destination Clock: clk rising

  Data Path: ce to Inst_contador/int_count_0
                                Gate     Net
    Cell:in->out      fanout   Delay   Delay  Logical Name (Net Name)
    ----------------------------------------  ------------
     IBUF:I->O             4   0.715   0.779  ce_IBUF (ce_IBUF)
     FDCE:CE                   0.524          Inst_contador/int_count_0
    ----------------------------------------
    Total                      2.018ns (1.239ns logic, 0.779ns route)
                                       (61.4% logic, 38.6% route)

=========================================================================
Timing constraint: Default OFFSET OUT AFTER for Clock 'clk'
  Total number of paths / destination ports: 28 / 7
-------------------------------------------------------------------------
Offset:              7.962ns (Levels of Logic = 2)
  Source:            Inst_contador/int_count_1 (FF)
  Destination:       led<4> (PAD)
  Source Clock:      clk rising

  Data Path: Inst_contador/int_count_1 to led<4>
                                Gate     Net
    Cell:in->out      fanout   Delay   Delay  Logical Name (Net Name)
    ----------------------------------------  ------------
     FDCE:C->Q            11   0.626   1.267  Inst_contador/int_count_1 (Inst_contador/int_count_1)
     LUT4:I0->O            1   0.479   0.681  Inst_decodificador/Mrom_led41 (led_4_OBUF)
     OBUF:I->O                 4.909          led_4_OBUF (led<4>)
    ----------------------------------------
    Total                      7.962ns (6.014ns logic, 1.948ns route)
                                       (75.5% logic, 24.5% route)

=========================================================================


Total REAL time to Xst completion: 9.00 secs
Total CPU time to Xst completion: 8.70 secs
 
--> 

Total memory usage is 249452 kilobytes

Number of errors   :    0 (   0 filtered)
Number of warnings :    1 (   0 filtered)
Number of infos    :    0 (   0 filtered)

